app/build/intermediates/manifest_merge_blame_file/debug/manifest-merger-blame-debug-report.txt
1<?xml version="1.0" encoding="utf-8"?>
2<manifest xmlns:android="http://schemas.android.com/apk/res/android"
3    package="com.example.myapplication"
4    android:versionCode="1"
5    android:versionName="1.0" >
6
7    <uses-sdk
8        android:minSdkVersion="21"
8-->src/main/AndroidManifest.xml
9        android:targetSdkVersion="31" />
9-->src/main/AndroidManifest.xml
10
11    <uses-permission android:name="android.permission.CAMERA" /> <!-- Don't require camera, as this requires a rear camera. This allows it to work on the Nexus 7 -->
11-->[com.journeyapps:zxing-android-embedded:3.6.0] AndroidManifest.xml:22:5-65
11-->[com.journeyapps:zxing-android-embedded:3.6.0] AndroidManifest.xml:22:22-62
12    <uses-feature
12-->[com.journeyapps:zxing-android-embedded:3.6.0] AndroidManifest.xml:25:5-27:36
13        android:name="android.hardware.camera"
13-->[com.journeyapps:zxing-android-embedded:3.6.0] AndroidManifest.xml:26:9-47
14        android:required="false" />
14-->[com.journeyapps:zxing-android-embedded:3.6.0] AndroidManifest.xml:27:9-33
15    <uses-feature
15-->[com.journeyapps:zxing-android-embedded:3.6.0] AndroidManifest.xml:28:5-30:36
16        android:name="android.hardware.camera.front"
16-->[com.journeyapps:zxing-android-embedded:3.6.0] AndroidManifest.xml:29:9-53
17        android:required="false" /> <!-- TODO replace above two with next line after Android 4.2 -->
17-->[com.journeyapps:zxing-android-embedded:3.6.0] AndroidManifest.xml:30:9-33
18    <!-- <uses-feature android:name="android.hardware.camera.any"/> -->
19    <uses-feature
19-->[com.journeyapps:zxing-android-embedded:3.6.0] AndroidManifest.xml:33:5-35:36
20        android:name="android.hardware.camera.autofocus"
20-->[com.journeyapps:zxing-android-embedded:3.6.0] AndroidManifest.xml:34:9-57
21        android:required="false" />
21-->[com.journeyapps:zxing-android-embedded:3.6.0] AndroidManifest.xml:35:9-33
22    <uses-feature
22-->[com.journeyapps:zxing-android-embedded:3.6.0] AndroidManifest.xml:36:5-38:36
23        android:name="android.hardware.camera.flash"
23-->[com.journeyapps:zxing-android-embedded:3.6.0] AndroidManifest.xml:37:9-53
24        android:required="false" />
24-->[com.journeyapps:zxing-android-embedded:3.6.0] AndroidManifest.xml:38:9-33
25    <uses-feature
25-->[com.journeyapps:zxing-android-embedded:3.6.0] AndroidManifest.xml:39:5-41:36
26        android:name="android.hardware.screen.landscape"
26-->[com.journeyapps:zxing-android-embedded:3.6.0] AndroidManifest.xml:40:9-57
27        android:required="false" />
27-->[com.journeyapps:zxing-android-embedded:3.6.0] AndroidManifest.xml:41:9-33
28    <uses-feature
28-->[com.journeyapps:zxing-android-embedded:3.6.0] AndroidManifest.xml:42:5-44:36
29        android:name="android.hardware.wifi"
29-->[com.journeyapps:zxing-android-embedded:3.6.0] AndroidManifest.xml:43:9-45
30        android:required="false" />
30-->[com.journeyapps:zxing-android-embedded:3.6.0] AndroidManifest.xml:44:9-33
31
32    <application
32-->src/main/AndroidManifest.xml:8:5-58:19
33        android:allowBackup="false"
33-->src/main/AndroidManifest.xml:9:9-36
34        android:appComponentFactory="androidx.core.app.CoreComponentFactory"
34-->[androidx.core:core:1.7.0] AndroidManifest.xml:24:18-86
35        android:debuggable="true"
36        android:icon="@drawable/aptful_icon"
36-->src/main/AndroidManifest.xml:10:9-45
37        android:label="@string/app_name"
37-->src/main/AndroidManifest.xml:11:9-41
38        android:roundIcon="@drawable/aptful_icon"
38-->src/main/AndroidManifest.xml:12:9-50
39        android:supportsRtl="false"
39-->src/main/AndroidManifest.xml:13:9-36
40        android:testOnly="true"
41        android:theme="@style/Theme.MyApplication" >
41-->src/main/AndroidManifest.xml:14:9-51
42        <activity
42-->src/main/AndroidManifest.xml:20:9-28:20
43            android:name="com.example.myapplication.signupTwo"
43-->src/main/AndroidManifest.xml:21:13-38
44            android:exported="true" >
44-->src/main/AndroidManifest.xml:22:13-36
45            <intent-filter>
45-->src/main/AndroidManifest.xml:23:13-27:29
46                <action android:name="android.intent.action.MAIN" />
46-->src/main/AndroidManifest.xml:24:17-69
46-->src/main/AndroidManifest.xml:24:25-66
47
48                <category android:name="android.intent.category.LAUNCHER" />
48-->src/main/AndroidManifest.xml:26:17-77
48-->src/main/AndroidManifest.xml:26:27-74
49            </intent-filter>
50        </activity>
51        <activity android:name="com.example.myapplication.loginScreen" />
51-->src/main/AndroidManifest.xml:29:9-48
51-->src/main/AndroidManifest.xml:29:19-46
52        <activity android:name="com.example.myapplication.keywordShopScreen" />
52-->src/main/AndroidManifest.xml:30:9-54
52-->src/main/AndroidManifest.xml:30:19-52
53        <activity android:name="com.example.myapplication.mypageScreen" />
53-->src/main/AndroidManifest.xml:31:9-48
53-->src/main/AndroidManifest.xml:31:19-46
54        <activity android:name="com.example.myapplication.signupOne" />
54-->src/main/AndroidManifest.xml:32:9-45
54-->src/main/AndroidManifest.xml:32:19-43
55        <!-- <activity android:name="signupTwo"/> -->
56        <activity android:name="com.example.myapplication.signupThree" />
56-->src/main/AndroidManifest.xml:34:9-47
56-->src/main/AndroidManifest.xml:34:19-45
57        <activity android:name="com.example.myapplication.configScreen" />
57-->src/main/AndroidManifest.xml:35:9-48
57-->src/main/AndroidManifest.xml:35:19-46
58        <activity android:name="com.example.myapplication.checkAccountScreen" />
58-->src/main/AndroidManifest.xml:36:9-55
58-->src/main/AndroidManifest.xml:36:19-53
59        <activity android:name="com.example.myapplication.ruleScreen" />
59-->src/main/AndroidManifest.xml:37:9-47
59-->src/main/AndroidManifest.xml:37:19-45
60        <activity android:name="com.example.myapplication.deleteAccountScreen" />
60-->src/main/AndroidManifest.xml:38:9-56
60-->src/main/AndroidManifest.xml:38:19-54
61        <activity android:name="com.example.myapplication.searchScreen" />
61-->src/main/AndroidManifest.xml:39:9-48
61-->src/main/AndroidManifest.xml:39:19-46
62        <activity android:name="com.example.myapplication.couponScreen" />
62-->src/main/AndroidManifest.xml:40:9-48
62-->src/main/AndroidManifest.xml:40:19-46
63        <activity android:name="com.example.myapplication.keywordListScreen" />
63-->src/main/AndroidManifest.xml:41:9-53
63-->src/main/AndroidManifest.xml:41:19-51
64        <activity android:name="com.example.myapplication.keywordEditScreen" />
64-->src/main/AndroidManifest.xml:42:9-54
64-->src/main/AndroidManifest.xml:42:19-52
65        <activity android:name="com.example.myapplication.detailShopScreen" />
65-->src/main/AndroidManifest.xml:43:9-53
65-->src/main/AndroidManifest.xml:43:19-51
66        <activity android:name="com.example.myapplication.newsListScreen" />
66-->src/main/AndroidManifest.xml:44:9-51
66-->src/main/AndroidManifest.xml:44:19-49
67        <activity android:name="com.example.myapplication.newsCouponScreen" />
67-->src/main/AndroidManifest.xml:45:9-53
67-->src/main/AndroidManifest.xml:45:19-51
68        <!-- <activity android:name=".newsKeywordScreen"/> -->
69        <activity android:name="com.example.myapplication.favShopScreen" />
69-->src/main/AndroidManifest.xml:47:9-50
69-->src/main/AndroidManifest.xml:47:19-48
70
71        <!-- QRコード -->
72        <activity
72-->src/main/AndroidManifest.xml:51:9-54:49
73            android:name="com.journeyapps.barcodescanner.CaptureActivity"
73-->src/main/AndroidManifest.xml:52:13-74
74            android:clearTaskOnLaunch="true"
74-->[com.journeyapps:zxing-android-embedded:3.6.0] AndroidManifest.xml:49:13-45
75            android:screenOrientation="fullSensor"
75-->src/main/AndroidManifest.xml:53:13-51
76            android:stateNotNeeded="true"
76-->[com.journeyapps:zxing-android-embedded:3.6.0] AndroidManifest.xml:51:13-42
77            android:theme="@style/zxing_CaptureTheme"
77-->[com.journeyapps:zxing-android-embedded:3.6.0] AndroidManifest.xml:52:13-54
78            android:windowSoftInputMode="stateAlwaysHidden" />
78-->[com.journeyapps:zxing-android-embedded:3.6.0] AndroidManifest.xml:53:13-60
79
80        <provider
80-->[androidx.emoji2:emoji2:1.0.0] AndroidManifest.xml:26:9-34:20
81            android:name="androidx.startup.InitializationProvider"
81-->[androidx.emoji2:emoji2:1.0.0] AndroidManifest.xml:27:13-67
82            android:authorities="com.example.myapplication.androidx-startup"
82-->[androidx.emoji2:emoji2:1.0.0] AndroidManifest.xml:28:13-68
83            android:exported="false" >
83-->[androidx.emoji2:emoji2:1.0.0] AndroidManifest.xml:29:13-37
84            <meta-data
84-->[androidx.emoji2:emoji2:1.0.0] AndroidManifest.xml:31:13-33:52
85                android:name="androidx.emoji2.text.EmojiCompatInitializer"
85-->[androidx.emoji2:emoji2:1.0.0] AndroidManifest.xml:32:17-75
86                android:value="androidx.startup" />
86-->[androidx.emoji2:emoji2:1.0.0] AndroidManifest.xml:33:17-49
87            <meta-data
87-->[androidx.lifecycle:lifecycle-process:2.4.0] AndroidManifest.xml:31:13-33:52
88                android:name="androidx.lifecycle.ProcessLifecycleInitializer"
88-->[androidx.lifecycle:lifecycle-process:2.4.0] AndroidManifest.xml:32:17-78
89                android:value="androidx.startup" />
89-->[androidx.lifecycle:lifecycle-process:2.4.0] AndroidManifest.xml:33:17-49
90        </provider>
91    </application>
92
93</manifest>